TN:
SF:src/modules/appointments/services/CreateAppointmentService.ts
FN:76,__setModuleDefault
FN:76,__decorate
FN:76,__importStar
FN:76,__metadata
FN:76,__param
FN:76,__awaiter
FN:76,adopt
FN:76,fulfilled
FN:76,rejected
FN:76,step
FN:76,__generator
FN:76,sent
FN:76,g.<computed>
FN:76,verb
FN:76,step
FN:76,__importDefault
FN:13,CreateAppointmentService
FN:22,CreateAppointmentService.execute
FNF:18
FNH:15
FNDA:0,__setModuleDefault
FNDA:1,__decorate
FNDA:1,__importStar
FNDA:1,__metadata
FNDA:3,__param
FNDA:7,__awaiter
FNDA:8,adopt
FNDA:8,fulfilled
FNDA:0,rejected
FNDA:10,step
FNDA:7,__generator
FNDA:8,sent
FNDA:0,g.<computed>
FNDA:21,verb
FNDA:15,step
FNDA:1,__importDefault
FNDA:5,CreateAppointmentService
FNDA:7,CreateAppointmentService.execute
DA:1,1
DA:2,1
DA:3,1
DA:4,1
DA:5,1
DA:6,1
DA:7,1
DA:8,1
DA:9,1
DA:10,1
DA:11,1
DA:12,1
DA:13,1
DA:14,5
DA:15,5
DA:16,5
DA:17,5
DA:18,5
DA:19,5
DA:20,5
DA:21,1
DA:22,1
DA:23,7
DA:24,7
DA:25,7
DA:26,7
DA:27,7
DA:28,7
DA:29,7
DA:30,7
DA:31,7
DA:32,7
DA:33,7
DA:34,3
DA:35,3
DA:36,7
DA:37,1
DA:38,1
DA:39,7
DA:40,1
DA:41,1
DA:42,1
DA:43,1
DA:44,2
DA:45,2
DA:46,2
DA:47,7
DA:48,0
DA:49,0
DA:50,7
DA:51,7
DA:52,7
DA:53,7
DA:54,7
DA:55,7
DA:56,7
DA:57,7
DA:58,7
DA:59,7
DA:60,7
DA:61,7
DA:62,7
DA:63,7
DA:64,7
DA:65,7
DA:66,7
DA:67,7
DA:68,7
DA:69,7
DA:70,7
DA:71,7
DA:72,7
DA:73,7
DA:74,1
DA:75,1
DA:76,1
LF:76
LH:74
BRDA:76,0,0,1
BRDA:76,1,0,0
BRDA:76,2,0,0
BRDA:76,3,0,0
BRDA:76,4,0,0
BRDA:76,5,0,0
BRDA:76,6,0,1
BRDA:76,7,0,0
BRDA:76,8,0,0
BRDA:76,9,0,0
BRDA:76,10,0,0
BRDA:76,11,0,1
BRDA:76,12,0,0
BRDA:76,13,0,1
BRDA:76,14,0,3
BRDA:76,15,0,3
BRDA:76,16,0,7
BRDA:76,17,0,8
BRDA:76,18,0,0
BRDA:76,19,0,7
BRDA:76,20,0,8
BRDA:76,21,0,0
BRDA:76,22,0,10
BRDA:76,23,0,2
BRDA:76,24,0,8
BRDA:76,25,0,7
BRDA:76,26,0,8
BRDA:76,27,0,0
BRDA:76,28,0,21
BRDA:76,29,0,15
BRDA:76,30,0,15
BRDA:76,31,0,0
BRDA:76,32,0,30
BRDA:76,33,0,0
BRDA:76,34,0,0
BRDA:76,35,0,0
BRDA:76,36,0,0
BRDA:76,37,0,15
BRDA:76,38,0,15
BRDA:76,39,0,8
BRDA:76,40,0,0
BRDA:76,41,0,0
BRDA:76,42,0,7
BRDA:76,43,0,0
BRDA:76,44,0,2
BRDA:76,45,0,0
BRDA:76,46,0,0
BRDA:76,47,0,0
BRDA:76,48,0,0
BRDA:76,49,0,15
BRDA:76,50,0,10
BRDA:76,51,0,5
BRDA:76,52,0,15
BRDA:76,53,0,7
BRDA:76,54,0,5
BRDA:76,55,0,2
BRDA:76,56,0,0
BRDA:76,57,0,1
BRDA:76,58,0,0
BRDA:12,59,0,1
BRDA:13,60,0,5
BRDA:22,61,0,7
BRDA:76,62,0,7
BRDA:76,63,0,15
BRDA:76,64,0,7
BRDA:33,65,0,3
BRDA:35,66,0,4
BRDA:36,67,0,1
BRDA:38,68,0,3
BRDA:39,69,0,2
BRDA:39,70,0,1
BRDA:43,71,0,2
BRDA:76,72,0,2
BRDA:47,73,0,0
BRDA:76,74,0,2
BRDA:76,75,0,2
BRDA:76,76,0,2
BRF:77
BRH:49
end_of_record
TN:
SF:src/modules/appointments/services/ListProviderAppointmentsService.ts
FN:49,__decorate
FN:49,__metadata
FN:49,__param
FN:49,__awaiter
FN:49,adopt
FN:49,fulfilled
FN:49,rejected
FN:49,step
FN:49,__generator
FN:49,sent
FN:49,g.<computed>
FN:49,verb
FN:49,step
FN:9,ListProvidersAppointmentsService
FN:16,ListProvidersAppointmentsService.execute
FNF:15
FNH:13
FNDA:1,__decorate
FNDA:1,__metadata
FNDA:2,__param
FNDA:1,__awaiter
FNDA:3,adopt
FNDA:3,fulfilled
FNDA:0,rejected
FNDA:4,step
FNDA:1,__generator
FNDA:3,sent
FNDA:0,g.<computed>
FNDA:3,verb
FNDA:4,step
FNDA:1,ListProvidersAppointmentsService
FNDA:1,ListProvidersAppointmentsService.execute
DA:1,1
DA:2,1
DA:3,1
DA:4,1
DA:5,1
DA:6,1
DA:7,1
DA:8,1
DA:9,1
DA:10,1
DA:11,1
DA:12,1
DA:13,1
DA:14,1
DA:15,1
DA:16,1
DA:17,1
DA:18,1
DA:19,1
DA:20,1
DA:21,1
DA:22,1
DA:23,1
DA:24,1
DA:25,1
DA:26,1
DA:27,1
DA:28,1
DA:29,1
DA:30,1
DA:31,1
DA:32,1
DA:33,1
DA:34,1
DA:35,1
DA:36,1
DA:37,1
DA:38,1
DA:39,1
DA:40,1
DA:41,1
DA:42,1
DA:43,1
DA:44,1
DA:45,1
DA:46,1
DA:47,1
DA:48,1
DA:49,1
LF:49
LH:49
BRDA:49,0,0,1
BRDA:49,1,0,1
BRDA:49,2,0,0
BRDA:49,3,0,0
BRDA:49,4,0,0
BRDA:49,5,0,0
BRDA:49,6,0,1
BRDA:49,7,0,2
BRDA:49,8,0,2
BRDA:49,9,0,1
BRDA:49,10,0,3
BRDA:49,11,0,0
BRDA:49,12,0,1
BRDA:49,13,0,3
BRDA:49,14,0,0
BRDA:49,15,0,4
BRDA:49,16,0,1
BRDA:49,17,0,3
BRDA:49,18,0,1
BRDA:49,19,0,3
BRDA:49,20,0,0
BRDA:49,21,0,3
BRDA:49,22,0,4
BRDA:49,23,0,4
BRDA:49,24,0,0
BRDA:49,25,0,8
BRDA:49,26,0,0
BRDA:49,27,0,0
BRDA:49,28,0,0
BRDA:49,29,0,0
BRDA:49,30,0,4
BRDA:49,31,0,4
BRDA:49,32,0,3
BRDA:49,33,0,0
BRDA:49,34,0,0
BRDA:49,35,0,1
BRDA:49,36,0,0
BRDA:49,37,0,0
BRDA:49,38,0,0
BRDA:49,39,0,0
BRDA:49,40,0,0
BRDA:49,41,0,4
BRDA:49,42,0,0
BRDA:49,43,0,4
BRDA:49,44,0,1
BRDA:49,45,0,0
BRDA:49,46,0,1
BRDA:49,47,0,0
BRDA:8,48,0,1
BRDA:9,49,0,1
BRDA:16,50,0,1
BRDA:49,51,0,1
BRDA:49,52,0,4
BRDA:49,53,0,1
BRDA:49,54,0,1
BRDA:33,55,0,0
BRDA:49,56,0,1
BRDA:49,57,0,1
BRDA:45,58,0,1
BRF:59
BRH:36
end_of_record
TN:
SF:src/modules/appointments/services/ListProviderDayAvailabilityService.ts
FN:60,__decorate
FN:60,__metadata
FN:60,__param
FN:60,__awaiter
FN:60,adopt
FN:60,fulfilled
FN:60,rejected
FN:60,step
FN:60,__generator
FN:60,sent
FN:60,g.<computed>
FN:60,verb
FN:60,step
FN:11,ListProvidersDayAvailabilityService
FN:16,ListProvidersDayAvailabilityService.execute
FNF:15
FNH:13
FNDA:1,__decorate
FNDA:1,__metadata
FNDA:1,__param
FNDA:1,__awaiter
FNDA:1,adopt
FNDA:1,fulfilled
FNDA:0,rejected
FNDA:2,step
FNDA:1,__generator
FNDA:1,sent
FNDA:0,g.<computed>
FNDA:3,verb
FNDA:2,step
FNDA:1,ListProvidersDayAvailabilityService
FNDA:1,ListProvidersDayAvailabilityService.execute
DA:1,1
DA:2,1
DA:3,1
DA:4,1
DA:5,1
DA:6,1
DA:7,1
DA:8,1
DA:9,1
DA:10,1
DA:11,1
DA:12,1
DA:13,1
DA:14,1
DA:15,1
DA:16,1
DA:17,1
DA:18,1
DA:19,1
DA:20,1
DA:21,1
DA:22,1
DA:23,1
DA:24,1
DA:25,1
DA:26,1
DA:27,1
DA:28,1
DA:29,1
DA:30,1
DA:31,1
DA:32,1
DA:33,1
DA:34,1
DA:35,1
DA:36,1
DA:37,1
DA:38,1
DA:39,1
DA:40,1
DA:41,1
DA:42,1
DA:43,1
DA:44,10
DA:45,10
DA:46,10
DA:47,10
DA:48,10
DA:49,10
DA:50,10
DA:51,10
DA:52,10
DA:53,10
DA:54,1
DA:55,1
DA:56,1
DA:57,1
DA:58,1
DA:59,1
DA:60,1
LF:60
LH:60
BRDA:60,0,0,1
BRDA:60,1,0,1
BRDA:60,2,0,0
BRDA:60,3,0,0
BRDA:60,4,0,0
BRDA:60,5,0,0
BRDA:60,6,0,1
BRDA:60,7,0,1
BRDA:60,8,0,1
BRDA:60,9,0,1
BRDA:60,10,0,1
BRDA:60,11,0,0
BRDA:60,12,0,1
BRDA:60,13,0,1
BRDA:60,14,0,0
BRDA:60,15,0,2
BRDA:60,16,0,1
BRDA:60,17,0,1
BRDA:60,18,0,1
BRDA:60,19,0,1
BRDA:60,20,0,0
BRDA:60,21,0,3
BRDA:60,22,0,2
BRDA:60,23,0,2
BRDA:60,24,0,0
BRDA:60,25,0,4
BRDA:60,26,0,0
BRDA:60,27,0,0
BRDA:60,28,0,0
BRDA:60,29,0,0
BRDA:60,30,0,2
BRDA:60,31,0,2
BRDA:60,32,0,1
BRDA:60,33,0,0
BRDA:60,34,0,0
BRDA:60,35,0,1
BRDA:60,36,0,0
BRDA:60,37,0,0
BRDA:60,38,0,0
BRDA:60,39,0,0
BRDA:60,40,0,0
BRDA:60,41,0,2
BRDA:60,42,0,0
BRDA:60,43,0,2
BRDA:60,44,0,1
BRDA:60,45,0,0
BRDA:60,46,0,1
BRDA:60,47,0,0
BRDA:10,48,0,1
BRDA:11,49,0,1
BRDA:16,50,0,1
BRDA:60,51,0,1
BRDA:60,52,0,2
BRDA:27,53,0,1
BRDA:60,54,0,1
BRDA:40,55,0,10
BRDA:43,56,0,10
BRDA:52,57,0,8
BRDA:45,58,0,19
BRF:59
BRH:37
end_of_record
TN:
SF:src/modules/appointments/services/ListProviderMonthAvailabilityService.ts
FN:56,__decorate
FN:56,__metadata
FN:56,__param
FN:56,__awaiter
FN:56,adopt
FN:56,fulfilled
FN:56,rejected
FN:56,step
FN:56,__generator
FN:56,sent
FN:56,g.<computed>
FN:56,verb
FN:56,step
FN:11,ListProvidersMonthAvailabilityService
FN:16,ListProvidersMonthAvailabilityService.execute
FNF:15
FNH:13
FNDA:1,__decorate
FNDA:1,__metadata
FNDA:1,__param
FNDA:1,__awaiter
FNDA:1,adopt
FNDA:1,fulfilled
FNDA:0,rejected
FNDA:2,step
FNDA:1,__generator
FNDA:1,sent
FNDA:0,g.<computed>
FNDA:3,verb
FNDA:2,step
FNDA:1,ListProvidersMonthAvailabilityService
FNDA:1,ListProvidersMonthAvailabilityService.execute
DA:1,1
DA:2,1
DA:3,1
DA:4,1
DA:5,1
DA:6,1
DA:7,1
DA:8,1
DA:9,1
DA:10,1
DA:11,1
DA:12,1
DA:13,1
DA:14,1
DA:15,1
DA:16,1
DA:17,1
DA:18,1
DA:19,1
DA:20,1
DA:21,1
DA:22,1
DA:23,1
DA:24,1
DA:25,1
DA:26,1
DA:27,1
DA:28,1
DA:29,1
DA:30,1
DA:31,1
DA:32,1
DA:33,1
DA:34,1
DA:35,1
DA:36,1
DA:37,1
DA:38,1
DA:39,1
DA:40,31
DA:41,31
DA:42,31
DA:43,341
DA:44,31
DA:45,31
DA:46,31
DA:47,31
DA:48,31
DA:49,31
DA:50,1
DA:51,1
DA:52,1
DA:53,1
DA:54,1
DA:55,1
DA:56,1
LF:56
LH:56
BRDA:56,0,0,1
BRDA:56,1,0,1
BRDA:56,2,0,0
BRDA:56,3,0,0
BRDA:56,4,0,0
BRDA:56,5,0,0
BRDA:56,6,0,1
BRDA:56,7,0,1
BRDA:56,8,0,1
BRDA:56,9,0,1
BRDA:56,10,0,1
BRDA:56,11,0,0
BRDA:56,12,0,1
BRDA:56,13,0,1
BRDA:56,14,0,0
BRDA:56,15,0,2
BRDA:56,16,0,1
BRDA:56,17,0,1
BRDA:56,18,0,1
BRDA:56,19,0,1
BRDA:56,20,0,0
BRDA:56,21,0,3
BRDA:56,22,0,2
BRDA:56,23,0,2
BRDA:56,24,0,0
BRDA:56,25,0,4
BRDA:56,26,0,0
BRDA:56,27,0,0
BRDA:56,28,0,0
BRDA:56,29,0,0
BRDA:56,30,0,2
BRDA:56,31,0,2
BRDA:56,32,0,1
BRDA:56,33,0,0
BRDA:56,34,0,0
BRDA:56,35,0,1
BRDA:56,36,0,0
BRDA:56,37,0,0
BRDA:56,38,0,0
BRDA:56,39,0,0
BRDA:56,40,0,0
BRDA:56,41,0,2
BRDA:56,42,0,0
BRDA:56,43,0,2
BRDA:56,44,0,1
BRDA:56,45,0,0
BRDA:56,46,0,1
BRDA:56,47,0,0
BRDA:10,48,0,1
BRDA:11,49,0,1
BRDA:16,50,0,1
BRDA:56,51,0,1
BRDA:56,52,0,2
BRDA:25,53,0,1
BRDA:56,54,0,1
BRDA:36,55,0,31
BRDA:39,56,0,31
BRDA:42,57,0,341
BRF:58
BRH:36
end_of_record
TN:
SF:src/modules/appointments/services/ListProvidersService.ts
FN:33,__decorate
FN:33,__metadata
FN:33,__param
FN:33,__awaiter
FN:33,adopt
FN:33,fulfilled
FN:33,rejected
FN:33,step
FN:33,__generator
FN:33,sent
FN:33,g.<computed>
FN:33,verb
FN:33,step
FN:9,ListProvidersService
FN:16,ListProvidersService.execute
FNF:15
FNH:13
FNDA:1,__decorate
FNDA:1,__metadata
FNDA:2,__param
FNDA:1,__awaiter
FNDA:3,adopt
FNDA:3,fulfilled
FNDA:0,rejected
FNDA:4,step
FNDA:1,__generator
FNDA:3,sent
FNDA:0,g.<computed>
FNDA:3,verb
FNDA:4,step
FNDA:1,ListProvidersService
FNDA:1,ListProvidersService.execute
DA:1,1
DA:2,1
DA:3,1
DA:4,1
DA:5,1
DA:6,1
DA:7,1
DA:8,1
DA:9,1
DA:10,1
DA:11,1
DA:12,1
DA:13,1
DA:14,1
DA:15,1
DA:16,1
DA:17,1
DA:18,1
DA:19,1
DA:20,1
DA:21,1
DA:22,1
DA:23,1
DA:24,1
DA:25,1
DA:26,1
DA:27,1
DA:28,1
DA:29,1
DA:30,1
DA:31,1
DA:32,1
DA:33,1
LF:33
LH:33
BRDA:33,0,0,1
BRDA:33,1,0,1
BRDA:33,2,0,0
BRDA:33,3,0,0
BRDA:33,4,0,0
BRDA:33,5,0,0
BRDA:33,6,0,1
BRDA:33,7,0,2
BRDA:33,8,0,2
BRDA:33,9,0,1
BRDA:33,10,0,3
BRDA:33,11,0,0
BRDA:33,12,0,1
BRDA:33,13,0,3
BRDA:33,14,0,0
BRDA:33,15,0,4
BRDA:33,16,0,1
BRDA:33,17,0,3
BRDA:33,18,0,1
BRDA:33,19,0,3
BRDA:33,20,0,0
BRDA:33,21,0,3
BRDA:33,22,0,4
BRDA:33,23,0,4
BRDA:33,24,0,0
BRDA:33,25,0,8
BRDA:33,26,0,0
BRDA:33,27,0,0
BRDA:33,28,0,0
BRDA:33,29,0,0
BRDA:33,30,0,4
BRDA:33,31,0,4
BRDA:33,32,0,3
BRDA:33,33,0,0
BRDA:33,34,0,0
BRDA:33,35,0,1
BRDA:33,36,0,0
BRDA:33,37,0,0
BRDA:33,38,0,0
BRDA:33,39,0,0
BRDA:33,40,0,0
BRDA:33,41,0,4
BRDA:33,42,0,0
BRDA:33,43,0,4
BRDA:33,44,0,1
BRDA:33,45,0,0
BRDA:33,46,0,1
BRDA:33,47,0,0
BRDA:8,48,0,1
BRDA:9,49,0,1
BRDA:16,50,0,1
BRDA:33,51,0,1
BRDA:33,52,0,4
BRDA:17,53,0,1
BRDA:33,54,0,1
BRDA:20,55,0,0
BRDA:33,56,0,1
BRDA:33,57,0,1
BRDA:29,58,0,1
BRF:59
BRH:36
end_of_record
TN:
SF:src/modules/users/services/AuthenticationUserService.ts
FN:49,__decorate
FN:49,__metadata
FN:49,__param
FN:49,__awaiter
FN:49,adopt
FN:49,fulfilled
FN:49,rejected
FN:49,step
FN:49,__generator
FN:49,sent
FN:49,g.<computed>
FN:49,verb
FN:49,step
FN:49,__importDefault
FN:11,AuthenticationUserService
FN:18,AuthenticationUserService.execute
FNF:16
FNH:14
FNDA:1,__decorate
FNDA:1,__metadata
FNDA:2,__param
FNDA:3,__awaiter
FNDA:5,adopt
FNDA:5,fulfilled
FNDA:0,rejected
FNDA:6,step
FNDA:3,__generator
FNDA:5,sent
FNDA:0,g.<computed>
FNDA:9,verb
FNDA:8,step
FNDA:2,__importDefault
FNDA:3,AuthenticationUserService
FNDA:3,AuthenticationUserService.execute
DA:1,1
DA:2,1
DA:3,1
DA:4,1
DA:5,1
DA:6,1
DA:7,1
DA:8,1
DA:9,1
DA:10,1
DA:11,1
DA:12,3
DA:13,3
DA:14,3
DA:15,3
DA:16,3
DA:17,1
DA:18,1
DA:19,3
DA:20,3
DA:21,3
DA:22,3
DA:23,3
DA:24,3
DA:25,3
DA:26,3
DA:27,1
DA:28,1
DA:29,2
DA:30,2
DA:31,2
DA:32,2
DA:33,3
DA:34,1
DA:35,1
DA:36,1
DA:37,1
DA:38,1
DA:39,1
DA:40,1
DA:41,1
DA:42,1
DA:43,1
DA:44,1
DA:45,1
DA:46,3
DA:47,1
DA:48,1
DA:49,1
LF:49
LH:49
BRDA:49,0,0,1
BRDA:49,1,0,1
BRDA:49,2,0,0
BRDA:49,3,0,0
BRDA:49,4,0,0
BRDA:49,5,0,0
BRDA:49,6,0,1
BRDA:49,7,0,2
BRDA:49,8,0,2
BRDA:49,9,0,3
BRDA:49,10,0,5
BRDA:49,11,0,0
BRDA:49,12,0,3
BRDA:49,13,0,5
BRDA:49,14,0,3
BRDA:49,15,0,2
BRDA:49,16,0,6
BRDA:49,17,0,1
BRDA:49,18,0,5
BRDA:49,19,0,3
BRDA:49,20,0,5
BRDA:49,21,0,0
BRDA:49,22,0,9
BRDA:49,23,0,8
BRDA:49,24,0,8
BRDA:49,25,0,0
BRDA:49,26,0,16
BRDA:49,27,0,0
BRDA:49,28,0,0
BRDA:49,29,0,0
BRDA:49,30,0,0
BRDA:49,31,0,8
BRDA:49,32,0,8
BRDA:49,33,0,5
BRDA:49,34,0,0
BRDA:49,35,0,0
BRDA:49,36,0,3
BRDA:49,37,0,0
BRDA:49,38,0,1
BRDA:49,39,0,0
BRDA:49,40,0,0
BRDA:49,41,0,0
BRDA:49,42,0,0
BRDA:49,43,0,8
BRDA:49,44,0,6
BRDA:49,45,0,2
BRDA:49,46,0,8
BRDA:49,47,0,3
BRDA:49,48,0,2
BRDA:49,49,0,1
BRDA:49,50,0,0
BRDA:49,51,0,2
BRDA:49,52,0,0
BRDA:10,53,0,1
BRDA:11,54,0,3
BRDA:18,55,0,3
BRDA:49,56,0,3
BRDA:49,57,0,8
BRDA:25,58,0,3
BRDA:49,59,0,3
BRDA:26,60,0,1
BRDA:28,61,0,2
BRDA:49,62,0,2
BRDA:33,63,0,1
BRF:64
BRH:44
end_of_record
TN:
SF:src/modules/users/services/CreateUserService.ts
FN:46,__decorate
FN:46,__metadata
FN:46,__param
FN:46,__awaiter
FN:46,adopt
FN:46,fulfilled
FN:46,rejected
FN:46,step
FN:46,__generator
FN:46,sent
FN:46,g.<computed>
FN:46,verb
FN:46,step
FN:46,__importDefault
FN:10,CreateUserService
FN:19,CreateUserService.execute
FNF:16
FNH:14
FNDA:1,__decorate
FNDA:1,__metadata
FNDA:3,__param
FNDA:3,__awaiter
FNDA:9,adopt
FNDA:9,fulfilled
FNDA:0,rejected
FNDA:11,step
FNDA:3,__generator
FNDA:9,sent
FNDA:0,g.<computed>
FNDA:9,verb
FNDA:12,step
FNDA:1,__importDefault
FNDA:2,CreateUserService
FNDA:3,CreateUserService.execute
DA:1,1
DA:2,1
DA:3,1
DA:4,1
DA:5,1
DA:6,1
DA:7,1
DA:8,1
DA:9,1
DA:10,1
DA:11,2
DA:12,2
DA:13,2
DA:14,2
DA:15,2
DA:16,2
DA:17,2
DA:18,1
DA:19,1
DA:20,3
DA:21,3
DA:22,3
DA:23,3
DA:24,3
DA:25,3
DA:26,3
DA:27,3
DA:28,3
DA:29,3
DA:30,3
DA:31,1
DA:32,1
DA:33,1
DA:34,1
DA:35,2
DA:36,3
DA:37,3
DA:38,3
DA:39,3
DA:40,3
DA:41,3
DA:42,3
DA:43,3
DA:44,1
DA:45,1
DA:46,1
LF:46
LH:46
BRDA:46,0,0,1
BRDA:46,1,0,1
BRDA:46,2,0,0
BRDA:46,3,0,0
BRDA:46,4,0,0
BRDA:46,5,0,0
BRDA:46,6,0,1
BRDA:46,7,0,3
BRDA:46,8,0,3
BRDA:46,9,0,3
BRDA:46,10,0,9
BRDA:46,11,0,0
BRDA:46,12,0,3
BRDA:46,13,0,9
BRDA:46,14,0,8
BRDA:46,15,0,1
BRDA:46,16,0,11
BRDA:46,17,0,2
BRDA:46,18,0,9
BRDA:46,19,0,3
BRDA:46,20,0,9
BRDA:46,21,0,0
BRDA:46,22,0,9
BRDA:46,23,0,12
BRDA:46,24,0,12
BRDA:46,25,0,0
BRDA:46,26,0,24
BRDA:46,27,0,0
BRDA:46,28,0,0
BRDA:46,29,0,0
BRDA:46,30,0,0
BRDA:46,31,0,12
BRDA:46,32,0,12
BRDA:46,33,0,9
BRDA:46,34,0,0
BRDA:46,35,0,0
BRDA:46,36,0,3
BRDA:46,37,0,0
BRDA:46,38,0,2
BRDA:46,39,0,0
BRDA:46,40,0,0
BRDA:46,41,0,0
BRDA:46,42,0,0
BRDA:46,43,0,12
BRDA:46,44,0,11
BRDA:46,45,0,1
BRDA:46,46,0,12
BRDA:46,47,0,3
BRDA:46,48,0,1
BRDA:46,49,0,2
BRDA:46,50,0,0
BRDA:46,51,0,1
BRDA:46,52,0,0
BRDA:9,53,0,1
BRDA:10,54,0,2
BRDA:19,55,0,3
BRDA:46,56,0,3
BRDA:46,57,0,12
BRDA:28,58,0,3
BRDA:46,59,0,3
BRDA:30,60,0,1
BRDA:34,61,0,2
BRDA:46,62,0,2
BRDA:46,63,0,2
BRDA:46,64,0,2
BRF:65
BRH:45
end_of_record
TN:
SF:src/modules/users/services/ResetPasswordService.ts
FN:47,__decorate
FN:47,__metadata
FN:47,__param
FN:47,__awaiter
FN:47,adopt
FN:47,fulfilled
FN:47,rejected
FN:47,step
FN:47,__generator
FN:47,sent
FN:47,g.<computed>
FN:47,verb
FN:47,step
FN:47,__importDefault
FN:14,ResetPasswordService
FN:23,ResetPasswordService.execute
FNF:16
FNH:14
FNDA:1,__decorate
FNDA:1,__metadata
FNDA:3,__param
FNDA:4,__awaiter
FNDA:9,adopt
FNDA:9,fulfilled
FNDA:0,rejected
FNDA:10,step
FNDA:4,__generator
FNDA:9,sent
FNDA:0,g.<computed>
FNDA:12,verb
FNDA:13,step
FNDA:1,__importDefault
FNDA:4,ResetPasswordService
FNDA:4,ResetPasswordService.execute
DA:1,1
DA:2,1
DA:3,1
DA:4,1
DA:5,1
DA:6,1
DA:7,1
DA:8,1
DA:9,1
DA:10,1
DA:11,1
DA:12,1
DA:13,1
DA:14,1
DA:15,4
DA:16,4
DA:17,4
DA:18,4
DA:19,4
DA:20,4
DA:21,4
DA:22,1
DA:23,1
DA:24,4
DA:25,4
DA:26,4
DA:27,1
DA:28,1
DA:29,3
DA:30,3
DA:31,4
DA:32,4
DA:33,1
DA:34,1
DA:35,2
DA:36,2
DA:37,2
DA:38,2
DA:39,4
DA:40,1
DA:41,1
DA:42,1
DA:43,4
DA:44,4
DA:45,1
DA:46,1
DA:47,1
LF:47
LH:47
BRDA:47,0,0,1
BRDA:47,1,0,1
BRDA:47,2,0,0
BRDA:47,3,0,0
BRDA:47,4,0,0
BRDA:47,5,0,0
BRDA:47,6,0,1
BRDA:47,7,0,3
BRDA:47,8,0,3
BRDA:47,9,0,4
BRDA:47,10,0,9
BRDA:47,11,0,0
BRDA:47,12,0,4
BRDA:47,13,0,9
BRDA:47,14,0,6
BRDA:47,15,0,3
BRDA:47,16,0,10
BRDA:47,17,0,1
BRDA:47,18,0,9
BRDA:47,19,0,4
BRDA:47,20,0,9
BRDA:47,21,0,0
BRDA:47,22,0,12
BRDA:47,23,0,13
BRDA:47,24,0,13
BRDA:47,25,0,0
BRDA:47,26,0,26
BRDA:47,27,0,0
BRDA:47,28,0,0
BRDA:47,29,0,0
BRDA:47,30,0,0
BRDA:47,31,0,13
BRDA:47,32,0,13
BRDA:47,33,0,9
BRDA:47,34,0,0
BRDA:47,35,0,0
BRDA:47,36,0,4
BRDA:47,37,0,0
BRDA:47,38,0,1
BRDA:47,39,0,0
BRDA:47,40,0,0
BRDA:47,41,0,0
BRDA:47,42,0,0
BRDA:47,43,0,13
BRDA:47,44,0,10
BRDA:47,45,0,3
BRDA:47,46,0,13
BRDA:47,47,0,4
BRDA:47,48,0,3
BRDA:47,49,0,1
BRDA:47,50,0,0
BRDA:47,51,0,1
BRDA:47,52,0,0
BRDA:13,53,0,1
BRDA:14,54,0,4
BRDA:23,55,0,4
BRDA:47,56,0,4
BRDA:47,57,0,13
BRDA:24,58,0,4
BRDA:47,59,0,4
BRDA:26,60,0,1
BRDA:28,61,0,3
BRDA:47,62,0,3
BRDA:32,63,0,1
BRDA:34,64,0,2
BRDA:39,65,0,1
BRDA:47,66,0,1
BRDA:47,67,0,1
BRF:68
BRH:48
end_of_record
TN:
SF:src/modules/users/services/SendForgotPasswordEmailService.ts
FN:52,__decorate
FN:52,__metadata
FN:52,__param
FN:52,__awaiter
FN:52,adopt
FN:52,fulfilled
FN:52,rejected
FN:52,step
FN:52,__generator
FN:52,sent
FN:52,g.<computed>
FN:52,verb
FN:52,step
FN:52,__importDefault
FN:13,SendForgotPasswordEmailService
FN:22,SendForgotPasswordEmailService.execute
FNF:16
FNH:14
FNDA:1,__decorate
FNDA:1,__metadata
FNDA:3,__param
FNDA:3,__awaiter
FNDA:7,adopt
FNDA:7,fulfilled
FNDA:0,rejected
FNDA:9,step
FNDA:3,__generator
FNDA:7,sent
FNDA:0,g.<computed>
FNDA:9,verb
FNDA:10,step
FNDA:2,__importDefault
FNDA:3,SendForgotPasswordEmailService
FNDA:3,SendForgotPasswordEmailService.execute
DA:1,1
DA:2,1
DA:3,1
DA:4,1
DA:5,1
DA:6,1
DA:7,1
DA:8,1
DA:9,1
DA:10,1
DA:11,1
DA:12,1
DA:13,1
DA:14,3
DA:15,3
DA:16,3
DA:17,3
DA:18,3
DA:19,3
DA:20,3
DA:21,1
DA:22,1
DA:23,3
DA:24,3
DA:25,3
DA:26,1
DA:27,1
DA:28,2
DA:29,2
DA:30,2
DA:31,2
DA:32,2
DA:33,2
DA:34,2
DA:35,3
DA:36,3
DA:37,3
DA:38,3
DA:39,3
DA:40,3
DA:41,3
DA:42,3
DA:43,3
DA:44,3
DA:45,3
DA:46,3
DA:47,3
DA:48,3
DA:49,3
DA:50,1
DA:51,1
DA:52,1
LF:52
LH:52
BRDA:52,0,0,1
BRDA:52,1,0,1
BRDA:52,2,0,0
BRDA:52,3,0,0
BRDA:52,4,0,0
BRDA:52,5,0,0
BRDA:52,6,0,1
BRDA:52,7,0,3
BRDA:52,8,0,3
BRDA:52,9,0,3
BRDA:52,10,0,7
BRDA:52,11,0,0
BRDA:52,12,0,3
BRDA:52,13,0,7
BRDA:52,14,0,6
BRDA:52,15,0,1
BRDA:52,16,0,9
BRDA:52,17,0,2
BRDA:52,18,0,7
BRDA:52,19,0,3
BRDA:52,20,0,7
BRDA:52,21,0,0
BRDA:52,22,0,9
BRDA:52,23,0,10
BRDA:52,24,0,10
BRDA:52,25,0,0
BRDA:52,26,0,20
BRDA:52,27,0,0
BRDA:52,28,0,0
BRDA:52,29,0,0
BRDA:52,30,0,0
BRDA:52,31,0,10
BRDA:52,32,0,10
BRDA:52,33,0,7
BRDA:52,34,0,0
BRDA:52,35,0,0
BRDA:52,36,0,3
BRDA:52,37,0,0
BRDA:52,38,0,2
BRDA:52,39,0,0
BRDA:52,40,0,0
BRDA:52,41,0,0
BRDA:52,42,0,0
BRDA:52,43,0,10
BRDA:52,44,0,9
BRDA:52,45,0,1
BRDA:52,46,0,10
BRDA:52,47,0,3
BRDA:52,48,0,1
BRDA:52,49,0,2
BRDA:52,50,0,0
BRDA:52,51,0,2
BRDA:52,52,0,1
BRDA:52,53,0,1
BRDA:12,54,0,1
BRDA:13,55,0,3
BRDA:22,56,0,3
BRDA:52,57,0,3
BRDA:52,58,0,10
BRDA:23,59,0,3
BRDA:52,60,0,3
BRDA:25,61,0,1
BRDA:27,62,0,2
BRDA:52,63,0,2
BRDA:52,64,0,2
BRF:65
BRH:46
end_of_record
TN:
SF:src/modules/users/services/ShowProfileService.ts
FN:22,__decorate
FN:22,__metadata
FN:22,__param
FN:22,__awaiter
FN:22,adopt
FN:22,fulfilled
FN:22,rejected
FN:22,step
FN:22,__generator
FN:22,sent
FN:22,g.<computed>
FN:22,verb
FN:22,step
FN:22,__importDefault
FN:8,ShowProfileService
FN:13,ShowProfileService.execute
FNF:16
FNH:14
FNDA:1,__decorate
FNDA:1,__metadata
FNDA:1,__param
FNDA:2,__awaiter
FNDA:2,adopt
FNDA:2,fulfilled
FNDA:0,rejected
FNDA:3,step
FNDA:2,__generator
FNDA:2,sent
FNDA:0,g.<computed>
FNDA:6,verb
FNDA:4,step
FNDA:1,__importDefault
FNDA:2,ShowProfileService
FNDA:2,ShowProfileService.execute
DA:1,1
DA:2,1
DA:3,1
DA:4,1
DA:5,1
DA:6,1
DA:7,1
DA:8,1
DA:9,2
DA:10,2
DA:11,2
DA:12,1
DA:13,1
DA:14,2
DA:15,2
DA:16,1
DA:17,1
DA:18,1
DA:19,2
DA:20,1
DA:21,1
DA:22,1
LF:22
LH:22
BRDA:22,0,0,1
BRDA:22,1,0,1
BRDA:22,2,0,0
BRDA:22,3,0,0
BRDA:22,4,0,0
BRDA:22,5,0,0
BRDA:22,6,0,1
BRDA:22,7,0,1
BRDA:22,8,0,1
BRDA:22,9,0,2
BRDA:22,10,0,2
BRDA:22,11,0,0
BRDA:22,12,0,2
BRDA:22,13,0,2
BRDA:22,14,0,1
BRDA:22,15,0,3
BRDA:22,16,0,1
BRDA:22,17,0,2
BRDA:22,18,0,2
BRDA:22,19,0,2
BRDA:22,20,0,0
BRDA:22,21,0,6
BRDA:22,22,0,4
BRDA:22,23,0,4
BRDA:22,24,0,0
BRDA:22,25,0,8
BRDA:22,26,0,0
BRDA:22,27,0,0
BRDA:22,28,0,0
BRDA:22,29,0,0
BRDA:22,30,0,4
BRDA:22,31,0,4
BRDA:22,32,0,2
BRDA:22,33,0,0
BRDA:22,34,0,0
BRDA:22,35,0,2
BRDA:22,36,0,0
BRDA:22,37,0,1
BRDA:22,38,0,0
BRDA:22,39,0,0
BRDA:22,40,0,0
BRDA:22,41,0,0
BRDA:22,42,0,4
BRDA:22,43,0,3
BRDA:22,44,0,1
BRDA:22,45,0,4
BRDA:22,46,0,2
BRDA:22,47,0,1
BRDA:22,48,0,0
BRDA:22,49,0,1
BRDA:22,50,0,0
BRDA:7,51,0,1
BRDA:8,52,0,2
BRDA:13,53,0,2
BRDA:22,54,0,2
BRDA:22,55,0,4
BRDA:14,56,0,2
BRDA:22,57,0,2
BRDA:15,58,0,1
BRF:59
BRH:39
end_of_record
TN:
SF:src/modules/users/services/UpdateProfileService.ts
FN:65,__decorate
FN:65,__metadata
FN:65,__param
FN:65,__awaiter
FN:65,adopt
FN:65,fulfilled
FN:65,rejected
FN:65,step
FN:65,__generator
FN:65,sent
FN:65,g.<computed>
FN:65,verb
FN:65,step
FN:65,__importDefault
FN:10,UpdateProfileService
FN:18,UpdateProfileService.execute
FNF:16
FNH:14
FNDA:1,__decorate
FNDA:1,__metadata
FNDA:2,__param
FNDA:6,__awaiter
FNDA:14,adopt
FNDA:14,fulfilled
FNDA:0,rejected
FNDA:16,step
FNDA:6,__generator
FNDA:14,sent
FNDA:0,g.<computed>
FNDA:18,verb
FNDA:20,step
FNDA:1,__importDefault
FNDA:6,UpdateProfileService
FNDA:6,UpdateProfileService.execute
DA:1,1
DA:2,1
DA:3,1
DA:4,1
DA:5,1
DA:6,1
DA:7,1
DA:8,1
DA:9,1
DA:10,1
DA:11,6
DA:12,6
DA:13,6
DA:14,6
DA:15,6
DA:16,6
DA:17,1
DA:18,1
DA:19,6
DA:20,6
DA:21,6
DA:22,6
DA:23,6
DA:24,6
DA:25,6
DA:26,6
DA:27,6
DA:28,6
DA:29,6
DA:30,6
DA:31,6
DA:32,6
DA:33,1
DA:34,1
DA:35,5
DA:36,6
DA:37,6
DA:38,1
DA:39,1
DA:40,6
DA:41,1
DA:42,1
DA:43,1
DA:44,1
DA:45,3
DA:46,6
DA:47,2
DA:48,2
DA:49,2
DA:50,2
DA:51,6
DA:52,6
DA:53,1
DA:54,1
DA:55,1
DA:56,1
DA:57,6
DA:58,6
DA:59,6
DA:60,6
DA:61,6
DA:62,6
DA:63,1
DA:64,1
DA:65,1
LF:65
LH:65
BRDA:65,0,0,1
BRDA:65,1,0,1
BRDA:65,2,0,0
BRDA:65,3,0,0
BRDA:65,4,0,0
BRDA:65,5,0,0
BRDA:65,6,0,1
BRDA:65,7,0,2
BRDA:65,8,0,2
BRDA:65,9,0,6
BRDA:65,10,0,14
BRDA:65,11,0,0
BRDA:65,12,0,6
BRDA:65,13,0,14
BRDA:65,14,0,10
BRDA:65,15,0,4
BRDA:65,16,0,16
BRDA:65,17,0,2
BRDA:65,18,0,14
BRDA:65,19,0,6
BRDA:65,20,0,14
BRDA:65,21,0,0
BRDA:65,22,0,18
BRDA:65,23,0,20
BRDA:65,24,0,20
BRDA:65,25,0,0
BRDA:65,26,0,41
BRDA:65,27,0,0
BRDA:65,28,0,0
BRDA:65,29,0,0
BRDA:65,30,0,0
BRDA:65,31,0,20
BRDA:65,32,0,20
BRDA:65,33,0,14
BRDA:65,34,0,0
BRDA:65,35,0,0
BRDA:65,36,0,7
BRDA:65,37,0,0
BRDA:65,38,0,3
BRDA:65,39,0,6
BRDA:65,40,0,1
BRDA:65,41,0,0
BRDA:65,42,0,1
BRDA:65,43,0,0
BRDA:65,44,0,0
BRDA:65,45,0,0
BRDA:65,46,0,21
BRDA:65,47,0,17
BRDA:65,48,0,4
BRDA:65,49,0,21
BRDA:65,50,0,6
BRDA:65,51,0,4
BRDA:65,52,0,2
BRDA:65,53,0,0
BRDA:65,54,0,1
BRDA:65,55,0,0
BRDA:9,56,0,1
BRDA:10,57,0,6
BRDA:18,58,0,6
BRDA:65,59,0,6
BRDA:65,60,0,21
BRDA:31,61,0,6
BRDA:65,62,0,6
BRDA:32,63,0,1
BRDA:34,64,0,5
BRDA:65,65,0,5
BRDA:37,66,0,1
BRDA:37,67,0,1
BRDA:39,68,0,4
BRDA:40,69,0,3
BRDA:40,70,0,1
BRDA:44,71,0,3
BRDA:46,72,0,2
BRDA:46,73,0,1
BRDA:46,74,0,2
BRDA:65,75,0,2
BRDA:52,76,0,1
BRDA:65,77,0,1
BRDA:65,78,0,2
BRF:79
BRH:59
end_of_record
TN:
SF:src/modules/users/services/UpdateUserAvatarService.ts
FN:39,__decorate
FN:39,__metadata
FN:39,__param
FN:39,__awaiter
FN:39,adopt
FN:39,fulfilled
FN:39,rejected
FN:39,step
FN:39,__generator
FN:39,sent
FN:39,g.<computed>
FN:39,verb
FN:39,step
FN:39,__importDefault
FN:10,UpdateUserAvatarService
FN:18,UpdateUserAvatarService.execute
FNF:16
FNH:14
FNDA:1,__decorate
FNDA:1,__metadata
FNDA:2,__param
FNDA:4,__awaiter
FNDA:8,adopt
FNDA:8,fulfilled
FNDA:0,rejected
FNDA:11,step
FNDA:4,__generator
FNDA:8,sent
FNDA:0,g.<computed>
FNDA:12,verb
FNDA:12,step
FNDA:1,__importDefault
FNDA:3,UpdateUserAvatarService
FNDA:4,UpdateUserAvatarService.execute
DA:1,1
DA:2,1
DA:3,1
DA:4,1
DA:5,1
DA:6,1
DA:7,1
DA:8,1
DA:9,1
DA:10,1
DA:11,3
DA:12,3
DA:13,3
DA:14,3
DA:15,3
DA:16,3
DA:17,1
DA:18,1
DA:19,4
DA:20,4
DA:21,4
DA:22,4
DA:23,4
DA:24,4
DA:25,4
DA:26,4
DA:27,1
DA:28,1
DA:29,3
DA:30,1
DA:31,4
DA:32,4
DA:33,4
DA:34,4
DA:35,4
DA:36,4
DA:37,1
DA:38,1
DA:39,1
LF:39
LH:39
BRDA:39,0,0,1
BRDA:39,1,0,1
BRDA:39,2,0,0
BRDA:39,3,0,0
BRDA:39,4,0,0
BRDA:39,5,0,0
BRDA:39,6,0,1
BRDA:39,7,0,2
BRDA:39,8,0,2
BRDA:39,9,0,4
BRDA:39,10,0,8
BRDA:39,11,0,0
BRDA:39,12,0,4
BRDA:39,13,0,8
BRDA:39,14,0,7
BRDA:39,15,0,1
BRDA:39,16,0,11
BRDA:39,17,0,3
BRDA:39,18,0,8
BRDA:39,19,0,4
BRDA:39,20,0,8
BRDA:39,21,0,0
BRDA:39,22,0,12
BRDA:39,23,0,12
BRDA:39,24,0,12
BRDA:39,25,0,0
BRDA:39,26,0,26
BRDA:39,27,0,0
BRDA:39,28,0,0
BRDA:39,29,0,0
BRDA:39,30,0,0
BRDA:39,31,0,12
BRDA:39,32,0,12
BRDA:39,33,0,8
BRDA:39,34,0,0
BRDA:39,35,0,0
BRDA:39,36,0,6
BRDA:39,37,0,0
BRDA:39,38,0,5
BRDA:39,39,0,4
BRDA:39,40,0,2
BRDA:39,41,0,0
BRDA:39,42,0,2
BRDA:39,43,0,0
BRDA:39,44,0,0
BRDA:39,45,0,0
BRDA:39,46,0,14
BRDA:39,47,0,13
BRDA:39,48,0,1
BRDA:39,49,0,14
BRDA:39,50,0,4
BRDA:39,51,0,1
BRDA:39,52,0,3
BRDA:39,53,0,0
BRDA:39,54,0,1
BRDA:39,55,0,0
BRDA:9,56,0,1
BRDA:10,57,0,3
BRDA:18,58,0,4
BRDA:39,59,0,4
BRDA:39,60,0,14
BRDA:25,61,0,4
BRDA:39,62,0,4
BRDA:26,63,0,1
BRDA:28,64,0,3
BRDA:29,65,0,2
BRDA:29,66,0,1
BRDA:39,67,0,1
BRDA:32,68,0,3
BRDA:39,69,0,3
BRF:70
BRH:50
end_of_record
